<?xml version="1.0" encoding="UTF-8"?>
<testsuite xmlns:xsi="http://www.w3.org/2001/XMLSchema-instance" xsi:noNamespaceSchemaLocation="https://maven.apache.org/surefire/maven-surefire-plugin/xsd/surefire-test-report.xsd" name="MyBatisTest" time="0.527" tests="8" errors="8" skipped="0" failures="0">
  <properties>
    <property name="sun.desktop" value="windows"/>
    <property name="awt.toolkit" value="sun.awt.windows.WToolkit"/>
    <property name="file.encoding.pkg" value="sun.io"/>
    <property name="java.specification.version" value="1.8"/>
    <property name="sun.cpu.isalist" value="amd64"/>
    <property name="sun.jnu.encoding" value="GBK"/>
    <property name="java.class.path" value="D:\workspace\MyBatisThree\First\target\test-classes;D:\workspace\MyBatisThree\First\target\classes;D:\mvn_local_repository\junit\junit\4.11\junit-4.11.jar;D:\mvn_local_repository\org\hamcrest\hamcrest-core\1.3\hamcrest-core-1.3.jar;D:\mvn_local_repository\org\mybatis\mybatis\3.4.6\mybatis-3.4.6.jar;D:\mvn_local_repository\mysql\mysql-connector-java\5.1.36\mysql-connector-java-5.1.36.jar;"/>
    <property name="java.vm.vendor" value="Oracle Corporation"/>
    <property name="sun.arch.data.model" value="64"/>
    <property name="user.variant" value=""/>
    <property name="java.vendor.url" value="http://java.oracle.com/"/>
    <property name="user.timezone" value="Asia/Shanghai"/>
    <property name="java.vm.specification.version" value="1.8"/>
    <property name="os.name" value="Windows 10"/>
    <property name="user.country" value="CN"/>
    <property name="sun.java.launcher" value="SUN_STANDARD"/>
    <property name="sun.boot.library.path" value="C:\Program Files\Java\jdk1.8.0_181\jre\bin"/>
    <property name="sun.java.command" value="C:\Users\ADMINI~1\AppData\Local\Temp\surefire6930694083551546845\surefirebooter3001500095073189939.jar C:\Users\Administrator\AppData\Local\Temp\surefire6930694083551546845 2019-08-06T18-11-48_512-jvmRun1 surefire2708798668292939780tmp surefire_04736500325920896303tmp"/>
    <property name="surefire.test.class.path" value="D:\workspace\MyBatisThree\First\target\test-classes;D:\workspace\MyBatisThree\First\target\classes;D:\mvn_local_repository\junit\junit\4.11\junit-4.11.jar;D:\mvn_local_repository\org\hamcrest\hamcrest-core\1.3\hamcrest-core-1.3.jar;D:\mvn_local_repository\org\mybatis\mybatis\3.4.6\mybatis-3.4.6.jar;D:\mvn_local_repository\mysql\mysql-connector-java\5.1.36\mysql-connector-java-5.1.36.jar;"/>
    <property name="sun.cpu.endian" value="little"/>
    <property name="user.home" value="C:\Users\Administrator"/>
    <property name="user.language" value="zh"/>
    <property name="java.specification.vendor" value="Oracle Corporation"/>
    <property name="java.home" value="C:\Program Files\Java\jdk1.8.0_181\jre"/>
    <property name="basedir" value="D:\workspace\MyBatisThree\First"/>
    <property name="file.separator" value="\"/>
    <property name="line.separator" value="&#10;"/>
    <property name="java.vm.specification.vendor" value="Oracle Corporation"/>
    <property name="java.specification.name" value="Java Platform API Specification"/>
    <property name="java.awt.graphicsenv" value="sun.awt.Win32GraphicsEnvironment"/>
    <property name="surefire.real.class.path" value="C:\Users\ADMINI~1\AppData\Local\Temp\surefire6930694083551546845\surefirebooter3001500095073189939.jar"/>
    <property name="sun.boot.class.path" value="C:\Program Files\Java\jdk1.8.0_181\jre\lib\resources.jar;C:\Program Files\Java\jdk1.8.0_181\jre\lib\rt.jar;C:\Program Files\Java\jdk1.8.0_181\jre\lib\sunrsasign.jar;C:\Program Files\Java\jdk1.8.0_181\jre\lib\jsse.jar;C:\Program Files\Java\jdk1.8.0_181\jre\lib\jce.jar;C:\Program Files\Java\jdk1.8.0_181\jre\lib\charsets.jar;C:\Program Files\Java\jdk1.8.0_181\jre\lib\jfr.jar;C:\Program Files\Java\jdk1.8.0_181\jre\classes"/>
    <property name="user.script" value=""/>
    <property name="sun.management.compiler" value="HotSpot 64-Bit Tiered Compilers"/>
    <property name="java.runtime.version" value="1.8.0_181-b13"/>
    <property name="user.name" value="Administrator"/>
    <property name="path.separator" value=";"/>
    <property name="os.version" value="10.0"/>
    <property name="java.endorsed.dirs" value="C:\Program Files\Java\jdk1.8.0_181\jre\lib\endorsed"/>
    <property name="java.runtime.name" value="Java(TM) SE Runtime Environment"/>
    <property name="file.encoding" value="GBK"/>
    <property name="java.vm.name" value="Java HotSpot(TM) 64-Bit Server VM"/>
    <property name="localRepository" value="D:\mvn_local_repository"/>
    <property name="java.vendor.url.bug" value="http://bugreport.sun.com/bugreport/"/>
    <property name="java.io.tmpdir" value="C:\Users\ADMINI~1\AppData\Local\Temp\"/>
    <property name="idea.version" value="2018.1"/>
    <property name="java.version" value="1.8.0_181"/>
    <property name="user.dir" value="D:\workspace\MyBatisThree\First"/>
    <property name="os.arch" value="amd64"/>
    <property name="java.vm.specification.name" value="Java Virtual Machine Specification"/>
    <property name="java.awt.printerjob" value="sun.awt.windows.WPrinterJob"/>
    <property name="sun.os.patch.level" value=""/>
    <property name="java.library.path" value="C:\Program Files\Java\jdk1.8.0_181\jre\bin;C:\windows\Sun\Java\bin;C:\windows\system32;C:\windows;C:\Program Files (x86)\Common Files\Oracle\Java\javapath;C:\Program Files\Java\jdk-10\bin;.;C:\windows\system32;C:\windows;C:\windows\System32\Wbem;C:\windows\System32\WindowsPowerShell\v1.0\;C:\Program Files\Intel\WiFi\bin\;C:\Program Files\Java\jdk1.8.0_181\bin;C:\Program Files\Common Files\Intel\WirelessCommon\;C:\Program Files\Git\cmd;C:\Program Files\TortoiseGit\bin;C:\Program Files\MySQL\MySQL Server 5.7\bin;D:\apache-maven-3.5.0\bin;C:\Program Files\Intel\WiFi\bin\;C:\Program Files\Common Files\Intel\WirelessCommon\;."/>
    <property name="java.vm.info" value="mixed mode"/>
    <property name="java.vendor" value="Oracle Corporation"/>
    <property name="java.vm.version" value="25.181-b13"/>
    <property name="java.ext.dirs" value="C:\Program Files\Java\jdk1.8.0_181\jre\lib\ext;C:\windows\Sun\Java\lib\ext"/>
    <property name="sun.io.unicode.encoding" value="UnicodeLittle"/>
    <property name="java.class.version" value="52.0"/>
  </properties>
  <testcase name="testqueryByName2" classname="MyBatisTest" time="0.298">
    <error message="Could not find result map com.po.Student" type="org.apache.ibatis.builder.IncompleteElementException">org.apache.ibatis.builder.IncompleteElementException: Could not find result map com.po.Student
	at MyBatisTest.testqueryByName2(MyBatisTest.java:65)
Caused by: java.lang.IllegalArgumentException: Result Maps collection does not contain value for com.po.Student
	at MyBatisTest.testqueryByName2(MyBatisTest.java:65)
</error>
  </testcase>
  <testcase name="testqueryByIdBieMing" classname="MyBatisTest" time="0.028">
    <error message="Could not find result map com.po.Student" type="org.apache.ibatis.builder.IncompleteElementException">org.apache.ibatis.builder.IncompleteElementException: Could not find result map com.po.Student
	at MyBatisTest.testqueryByIdBieMing(MyBatisTest.java:125)
Caused by: java.lang.IllegalArgumentException: Result Maps collection does not contain value for com.po.Student
	at MyBatisTest.testqueryByIdBieMing(MyBatisTest.java:125)
</error>
  </testcase>
  <testcase name="testdeleteStudent" classname="MyBatisTest" time="0.022">
    <error message="Could not find result map com.po.Student" type="org.apache.ibatis.builder.IncompleteElementException">org.apache.ibatis.builder.IncompleteElementException: Could not find result map com.po.Student
	at MyBatisTest.testdeleteStudent(MyBatisTest.java:112)
Caused by: java.lang.IllegalArgumentException: Result Maps collection does not contain value for com.po.Student
	at MyBatisTest.testdeleteStudent(MyBatisTest.java:112)
</error>
  </testcase>
  <testcase name="testInsertStudent" classname="MyBatisTest" time="0.023">
    <error message="Could not find result map com.po.Student" type="org.apache.ibatis.builder.IncompleteElementException">org.apache.ibatis.builder.IncompleteElementException: Could not find result map com.po.Student
	at MyBatisTest.testInsertStudent(MyBatisTest.java:82)
Caused by: java.lang.IllegalArgumentException: Result Maps collection does not contain value for com.po.Student
	at MyBatisTest.testInsertStudent(MyBatisTest.java:82)
</error>
  </testcase>
  <testcase name="testqueryByMany" classname="MyBatisTest" time="0.034">
    <error message="Could not find result map com.po.Student" type="org.apache.ibatis.builder.IncompleteElementException">org.apache.ibatis.builder.IncompleteElementException: Could not find result map com.po.Student
	at MyBatisTest.testqueryByMany(MyBatisTest.java:139)
Caused by: java.lang.IllegalArgumentException: Result Maps collection does not contain value for com.po.Student
	at MyBatisTest.testqueryByMany(MyBatisTest.java:139)
</error>
  </testcase>
  <testcase name="testqueryByName" classname="MyBatisTest" time="0.032">
    <error message="Could not find result map com.po.Student" type="org.apache.ibatis.builder.IncompleteElementException">org.apache.ibatis.builder.IncompleteElementException: Could not find result map com.po.Student
	at MyBatisTest.testqueryByName(MyBatisTest.java:52)
Caused by: java.lang.IllegalArgumentException: Result Maps collection does not contain value for com.po.Student
	at MyBatisTest.testqueryByName(MyBatisTest.java:52)
</error>
  </testcase>
  <testcase name="testqueryById" classname="MyBatisTest" time="0.029">
    <error message="Could not find result map com.po.Student" type="org.apache.ibatis.builder.IncompleteElementException">org.apache.ibatis.builder.IncompleteElementException: Could not find result map com.po.Student
	at MyBatisTest.testqueryById(MyBatisTest.java:41)
Caused by: java.lang.IllegalArgumentException: Result Maps collection does not contain value for com.po.Student
	at MyBatisTest.testqueryById(MyBatisTest.java:41)
</error>
  </testcase>
  <testcase name="testupdateStudent" classname="MyBatisTest" time="0.028">
    <error message="Could not find result map com.po.Student" type="org.apache.ibatis.builder.IncompleteElementException">org.apache.ibatis.builder.IncompleteElementException: Could not find result map com.po.Student
	at MyBatisTest.testupdateStudent(MyBatisTest.java:98)
Caused by: java.lang.IllegalArgumentException: Result Maps collection does not contain value for com.po.Student
	at MyBatisTest.testupdateStudent(MyBatisTest.java:98)
</error>
  </testcase>
</testsuite>