<?xml version="1.0" encoding="UTF-8"?>
<testsuite xmlns:xsi="http://www.w3.org/2001/XMLSchema-instance" xsi:noNamespaceSchemaLocation="https://maven.apache.org/surefire/maven-surefire-plugin/xsd/surefire-test-report.xsd" name="MyBatisTest" time="0.527" tests="8" errors="8" skipped="0" failures="0">
  <properties>
[...]
</properties>
  <testcase name="testqueryByName2" classname="MyBatisTest" time="0.298">
    <error message="Could not find result map com.po.Student" type="org.apache.ibatis.builder.IncompleteElementException">org.apache.ibatis.builder.IncompleteElementException: Could not find result map com.po.Student
	at MyBatisTest.testqueryByName2(MyBatisTest.java:65)
Caused by: java.lang.IllegalArgumentException: Result Maps collection does not contain value for com.po.Student
	at MyBatisTest.testqueryByName2(MyBatisTest.java:65)
</error>
  </testcase>
  <testcase name="testqueryByIdBieMing" classname="MyBatisTest" time="0.028">
    <error message="Could not find result map com.po.Student" type="org.apache.ibatis.builder.IncompleteElementException">org.apache.ibatis.builder.IncompleteElementException: Could not find result map com.po.Student
	at MyBatisTest.testqueryByIdBieMing(MyBatisTest.java:125)
Caused by: java.lang.IllegalArgumentException: Result Maps collection does not contain value for com.po.Student
	at MyBatisTest.testqueryByIdBieMing(MyBatisTest.java:125)
</error>
  </testcase>
  <testcase name="testdeleteStudent" classname="MyBatisTest" time="0.022">
    <error message="Could not find result map com.po.Student" type="org.apache.ibatis.builder.IncompleteElementException">org.apache.ibatis.builder.IncompleteElementException: Could not find result map com.po.Student
	at MyBatisTest.testdeleteStudent(MyBatisTest.java:112)
Caused by: java.lang.IllegalArgumentException: Result Maps collection does not contain value for com.po.Student
	at MyBatisTest.testdeleteStudent(MyBatisTest.java:112)
</error>
  </testcase>
  <testcase name="testInsertStudent" classname="MyBatisTest" time="0.023">
    <error message="Could not find result map com.po.Student" type="org.apache.ibatis.builder.IncompleteElementException">org.apache.ibatis.builder.IncompleteElementException: Could not find result map com.po.Student
	at MyBatisTest.testInsertStudent(MyBatisTest.java:82)
Caused by: java.lang.IllegalArgumentException: Result Maps collection does not contain value for com.po.Student
	at MyBatisTest.testInsertStudent(MyBatisTest.java:82)
</error>
  </testcase>
  <testcase name="testqueryByMany" classname="MyBatisTest" time="0.034">
    <error message="Could not find result map com.po.Student" type="org.apache.ibatis.builder.IncompleteElementException">org.apache.ibatis.builder.IncompleteElementException: Could not find result map com.po.Student
	at MyBatisTest.testqueryByMany(MyBatisTest.java:139)
Caused by: java.lang.IllegalArgumentException: Result Maps collection does not contain value for com.po.Student
	at MyBatisTest.testqueryByMany(MyBatisTest.java:139)
</error>
  </testcase>
  <testcase name="testqueryByName" classname="MyBatisTest" time="0.032">
    <error message="Could not find result map com.po.Student" type="org.apache.ibatis.builder.IncompleteElementException">org.apache.ibatis.builder.IncompleteElementException: Could not find result map com.po.Student
	at MyBatisTest.testqueryByName(MyBatisTest.java:52)
Caused by: java.lang.IllegalArgumentException: Result Maps collection does not contain value for com.po.Student
	at MyBatisTest.testqueryByName(MyBatisTest.java:52)
</error>
  </testcase>
  <testcase name="testqueryById" classname="MyBatisTest" time="0.029">
    <error message="Could not find result map com.po.Student" type="org.apache.ibatis.builder.IncompleteElementException">org.apache.ibatis.builder.IncompleteElementException: Could not find result map com.po.Student
	at MyBatisTest.testqueryById(MyBatisTest.java:41)
Caused by: java.lang.IllegalArgumentException: Result Maps collection does not contain value for com.po.Student
	at MyBatisTest.testqueryById(MyBatisTest.java:41)
</error>
  </testcase>
  <testcase name="testupdateStudent" classname="MyBatisTest" time="0.028">
    <error message="Could not find result map com.po.Student" type="org.apache.ibatis.builder.IncompleteElementException">org.apache.ibatis.builder.IncompleteElementException: Could not find result map com.po.Student
	at MyBatisTest.testupdateStudent(MyBatisTest.java:98)
Caused by: java.lang.IllegalArgumentException: Result Maps collection does not contain value for com.po.Student
	at MyBatisTest.testupdateStudent(MyBatisTest.java:98)
</error>
  </testcase>
</testsuite>